<?xml version="1.0" encoding="UTF-8"?>
<robot generator="Robot 5.0.1 (Python 3.10.5 on win32)" generated="20220609 16:42:30.545" rpa="false" schemaversion="3">
<suite id="s1" name="Tc1" source="D:\Automation\ROBOT_DEMO\First_with_robot\Testcases\tc1.robot">
<test id="s1-t1" name="LoginTest" line="11">
<kw name="Open Browser" library="SeleniumLibrary">
<arg>${BASE_URL}</arg>
<arg>${BROWSER}</arg>
<doc>Opens a new browser instance to the optional ``url``.</doc>
<msg timestamp="20220609 16:42:31.257" level="INFO">Opening browser 'Chrome' to base url 'https://app.hubspot.com/login'.</msg>
<status status="PASS" starttime="20220609 16:42:31.257" endtime="20220609 16:42:37.470"/>
</kw>
<kw name="Input Text" library="SeleniumLibrary">
<arg>id:username</arg>
<arg>${USERNAME}</arg>
<doc>Types the given ``text`` into the text field identified by ``locator``.</doc>
<msg timestamp="20220609 16:42:37.471" level="INFO">Typing text 'jkdave1991@gmail.com' into text field 'id:username'.</msg>
<status status="PASS" starttime="20220609 16:42:37.470" endtime="20220609 16:42:37.606"/>
</kw>
<kw name="Input Text" library="SeleniumLibrary">
<arg>id:password</arg>
<arg>${PASSWORD}</arg>
<doc>Types the given ``text`` into the text field identified by ``locator``.</doc>
<msg timestamp="20220609 16:42:37.607" level="INFO">Typing text 'Selenium@12345' into text field 'id:password'.</msg>
<status status="PASS" starttime="20220609 16:42:37.607" endtime="20220609 16:42:37.717"/>
</kw>
<kw name="Click Element" library="SeleniumLibrary">
<arg>id:${LOGIN_BUTTON}</arg>
<doc>Click the element identified by ``locator``.</doc>
<msg timestamp="20220609 16:42:37.717" level="INFO">Clicking element 'id:loginBtn'.</msg>
<status status="PASS" starttime="20220609 16:42:37.717" endtime="20220609 16:42:37.769"/>
</kw>
<kw name="Close Browser" library="SeleniumLibrary">
<doc>Closes the current browser.</doc>
<status status="PASS" starttime="20220609 16:42:37.770" endtime="20220609 16:42:40.208"/>
</kw>
<status status="PASS" starttime="20220609 16:42:31.256" endtime="20220609 16:42:40.209"/>
</test>
<status status="PASS" starttime="20220609 16:42:30.551" endtime="20220609 16:42:40.214"/>
</suite>
<statistics>
<total>
<stat pass="1" fail="0" skip="0">All Tests</stat>
</total>
<tag>
</tag>
<suite>
<stat pass="1" fail="0" skip="0" id="s1" name="Tc1">Tc1</stat>
</suite>
</statistics>
<errors>
</errors>
</robot>
